<?xml version="1.0" encoding="UTF-8"?>
<testsuites>
  <testsuite name="Project Test Suite" tests="2" assertions="2" failures="1" errors="0" time="22.549913">
    <testsuite name="djepo\MainBundle\Tests\Controller\contactControllerTest" file="C:\wamp\www\locaTogo\src\djepo\MainBundle\Tests\Controller\contactControllerTest.php" tests="2" assertions="2" failures="1" errors="0" time="22.549913">
      <testcase name="testIndex" class="djepo\MainBundle\Tests\Controller\contactControllerTest" file="C:\wamp\www\locaTogo\src\djepo\MainBundle\Tests\Controller\contactControllerTest.php" line="18" assertions="1" time="18.548826"/>
      <testcase name="testContact" class="djepo\MainBundle\Tests\Controller\contactControllerTest" file="C:\wamp\www\locaTogo\src\djepo\MainBundle\Tests\Controller\contactControllerTest.php" line="27" assertions="1" time="4.001087">
        <failure type="PHPUnit_Framework_ExpectationFailedException">djepo\MainBundle\Tests\Controller\contactControllerTest::testContact
Failed asserting that 0 matches expected 1.

C:\wamp\www\locaTogo\src\djepo\MainBundle\Tests\Controller\contactControllerTest.php:33
</failure>
      </testcase>
    </testsuite>
  </testsuite>
</testsuites>
